{"uuid":"8bb26f3c-dd6c-47ce-91f1-7b27efd74a97","historyId":"b3ff22ea6f7330d34a4d8085c9991de4","fullName":"tests.ui.BaseTest.setUp","labels":[{"name":"package","value":"tests.ui.LoginTest"},{"name":"testClass","value":"tests.ui.LoginTest"},{"name":"testMethod","value":"setUp"},{"name":"parentSuite","value":"Surefire suite"},{"name":"suite","value":"Surefire test"},{"name":"subSuite","value":"tests.ui.LoginTest"},{"name":"host","value":"192.168.1.4"},{"name":"thread","value":"11886@192.168.1.4.main(1)"},{"name":"framework","value":"testng"},{"name":"language","value":"java"},{"name":"epic","value":"Framework"},{"name":"feature","value":"Basic Tests"},{"name":"AS_ID","value":"-1"}],"links":[],"name":"setUp","status":"broken","statusDetails":{"known":false,"muted":false,"flaky":false,"message":"Could not start a new session. Possible causes are invalid address of the remote server or browser start-up failure. \nHost info: host: '192.168.1.4', ip: 'fe80:0:0:0:841:8520:f9f2:8305%en0'\nBuild info: version: '4.20.0', revision: '866c76ca80'\nSystem info: os.name: 'Mac OS X', os.arch: 'aarch64', os.version: '15.3.1', java.version: '23.0.2'\nDriver info: io.appium.java_client.ios.IOSDriver\nCommand: [null, newSession {capabilities=[Capabilities {autoLaunch: true, automationName: XCUITest, bundleId: com.booking.BookingApp, deviceName: iPhone 16 Pro, newCommandTimeout: 300, noReset: true, platformName: IOS, platformVersion: 18.5, udid: 00008140-001220243407001C, updatedWDABundleId: com.facebook.WebDriverAgent..., wdaStartupRetries: 4, wdaStartupRetryInterval: 20000, xcodeOrgId: B8756V776V, xcodeSigningId: iPhone Developer}]}]\nCapabilities {autoLaunch: true, automationName: XCUITest, bundleId: com.booking.BookingApp, deviceName: iPhone 16 Pro, newCommandTimeout: 300, noReset: true, platformName: IOS, platformVersion: 18.5, udid: 00008140-001220243407001C, updatedWDABundleId: com.facebook.WebDriverAgent..., wdaStartupRetries: 4, wdaStartupRetryInterval: 20000, xcodeOrgId: B8756V776V, xcodeSigningId: iPhone Developer}","trace":"org.openqa.selenium.SessionNotCreatedException: Could not start a new session. Possible causes are invalid address of the remote server or browser start-up failure. \nHost info: host: '192.168.1.4', ip: 'fe80:0:0:0:841:8520:f9f2:8305%en0'\nBuild info: version: '4.20.0', revision: '866c76ca80'\nSystem info: os.name: 'Mac OS X', os.arch: 'aarch64', os.version: '15.3.1', java.version: '23.0.2'\nDriver info: io.appium.java_client.ios.IOSDriver\nCommand: [null, newSession {capabilities=[Capabilities {autoLaunch: true, automationName: XCUITest, bundleId: com.booking.BookingApp, deviceName: iPhone 16 Pro, newCommandTimeout: 300, noReset: true, platformName: IOS, platformVersion: 18.5, udid: 00008140-001220243407001C, updatedWDABundleId: com.facebook.WebDriverAgent..., wdaStartupRetries: 4, wdaStartupRetryInterval: 20000, xcodeOrgId: B8756V776V, xcodeSigningId: iPhone Developer}]}]\nCapabilities {autoLaunch: true, automationName: XCUITest, bundleId: com.booking.BookingApp, deviceName: iPhone 16 Pro, newCommandTimeout: 300, noReset: true, platformName: IOS, platformVersion: 18.5, udid: 00008140-001220243407001C, updatedWDABundleId: com.facebook.WebDriverAgent..., wdaStartupRetries: 4, wdaStartupRetryInterval: 20000, xcodeOrgId: B8756V776V, xcodeSigningId: iPhone Developer}\n\tat org.openqa.selenium.remote.RemoteWebDriver.execute(RemoteWebDriver.java:536)\n\tat io.appium.java_client.AppiumDriver.startSession(AppiumDriver.java:270)\n\tat org.openqa.selenium.remote.RemoteWebDriver.<init>(RemoteWebDriver.java:161)\n\tat io.appium.java_client.AppiumDriver.<init>(AppiumDriver.java:91)\n\tat io.appium.java_client.AppiumDriver.<init>(AppiumDriver.java:103)\n\tat io.appium.java_client.ios.IOSDriver.<init>(IOSDriver.java:101)\n\tat core.DriverFactory.createIOSDriver(DriverFactory.java:212)\n\tat core.DriverFactory.initializeDriver(DriverFactory.java:59)\n\tat tests.ui.BaseTest.setUp(BaseTest.java:32)\n\tat java.base/jdk.internal.reflect.DirectMethodHandleAccessor.invoke(DirectMethodHandleAccessor.java:103)\n\tat java.base/java.lang.reflect.Method.invoke(Method.java:580)\n\tat org.testng.internal.invokers.MethodInvocationHelper.invokeMethod(MethodInvocationHelper.java:139)\n\tat org.testng.internal.invokers.MethodInvocationHelper.invokeMethodConsideringTimeout(MethodInvocationHelper.java:69)\n\tat org.testng.internal.invokers.ConfigInvoker.invokeConfigurationMethod(ConfigInvoker.java:390)\n\tat org.testng.internal.invokers.ConfigInvoker.invokeConfigurations(ConfigInvoker.java:325)\n\tat org.testng.internal.invokers.TestInvoker.runConfigMethods(TestInvoker.java:810)\n\tat org.testng.internal.invokers.TestInvoker.invokeMethod(TestInvoker.java:577)\n\tat org.testng.internal.invokers.TestInvoker.invokeTestMethod(TestInvoker.java:227)\n\tat org.testng.internal.invokers.MethodRunner.runInSequence(MethodRunner.java:50)\n\tat org.testng.internal.invokers.TestInvoker$MethodInvocationAgent.invoke(TestInvoker.java:957)\n\tat org.testng.internal.invokers.TestInvoker.invokeTestMethods(TestInvoker.java:200)\n\tat org.testng.internal.invokers.TestMethodWorker.invokeTestMethods(TestMethodWorker.java:148)\n\tat org.testng.internal.invokers.TestMethodWorker.run(TestMethodWorker.java:128)\n\tat java.base/java.util.ArrayList.forEach(ArrayList.java:1597)\n\tat org.testng.TestRunner.privateRun(TestRunner.java:848)\n\tat org.testng.TestRunner.run(TestRunner.java:621)\n\tat org.testng.SuiteRunner.runTest(SuiteRunner.java:443)\n\tat org.testng.SuiteRunner.runSequentially(SuiteRunner.java:437)\n\tat org.testng.SuiteRunner.privateRun(SuiteRunner.java:397)\n\tat org.testng.SuiteRunner.run(SuiteRunner.java:336)\n\tat org.testng.SuiteRunnerWorker.runSuite(SuiteRunnerWorker.java:52)\n\tat org.testng.SuiteRunnerWorker.run(SuiteRunnerWorker.java:95)\n\tat org.testng.TestNG.runSuitesSequentially(TestNG.java:1280)\n\tat org.testng.TestNG.runSuitesLocally(TestNG.java:1200)\n\tat org.testng.TestNG.runSuites(TestNG.java:1114)\n\tat org.testng.TestNG.run(TestNG.java:1082)\n\tat org.apache.maven.surefire.testng.TestNGExecutor.run(TestNGExecutor.java:155)\n\tat org.apache.maven.surefire.testng.TestNGDirectoryTestSuite.executeSingleClass(TestNGDirectoryTestSuite.java:102)\n\tat org.apache.maven.surefire.testng.TestNGDirectoryTestSuite.execute(TestNGDirectoryTestSuite.java:91)\n\tat org.apache.maven.surefire.testng.TestNGProvider.invoke(TestNGProvider.java:137)\n\tat org.apache.maven.surefire.booter.ForkedBooter.runSuitesInProcess(ForkedBooter.java:385)\n\tat org.apache.maven.surefire.booter.ForkedBooter.execute(ForkedBooter.java:162)\n\tat org.apache.maven.surefire.booter.ForkedBooter.run(ForkedBooter.java:507)\n\tat org.apache.maven.surefire.booter.ForkedBooter.main(ForkedBooter.java:495)\nCaused by: java.lang.IllegalArgumentException: Illegal key values seen in w3c capabilities: [autoLaunch, automationName, bundleId, deviceName, newCommandTimeout, noReset, platformVersion, udid, updatedWDABundleId, wdaStartupRetries, wdaStartupRetryInterval, xcodeOrgId, xcodeSigningId]\n\tat org.openqa.selenium.remote.NewSessionPayload.lambda$validate$5(NewSessionPayload.java:163)\n\tat java.base/java.util.stream.ReferencePipeline$15$1.accept(ReferencePipeline.java:580)\n\tat java.base/java.util.stream.ReferencePipeline$15$1.accept(ReferencePipeline.java:581)\n\tat java.base/java.util.stream.ReferencePipeline$3$1.accept(ReferencePipeline.java:215)\n\tat java.base/java.util.stream.ReferencePipeline$15$1.accept(ReferencePipeline.java:581)\n\tat java.base/java.util.ArrayList$ArrayListSpliterator.forEachRemaining(ArrayList.java:1709)\n\tat java.base/java.util.stream.AbstractPipeline.copyInto(AbstractPipeline.java:570)\n\tat java.base/java.util.stream.AbstractPipeline.wrapAndCopyInto(AbstractPipeline.java:560)\n\tat java.base/java.util.stream.ForEachOps$ForEachOp.evaluateSequential(ForEachOps.java:151)\n\tat java.base/java.util.stream.ForEachOps$ForEachOp$OfRef.evaluateSequential(ForEachOps.java:174)\n\tat java.base/java.util.stream.AbstractPipeline.evaluate(AbstractPipeline.java:265)\n\tat java.base/java.util.stream.ReferencePipeline.forEach(ReferencePipeline.java:636)\n\tat org.openqa.selenium.remote.NewSessionPayload.validate(NewSessionPayload.java:167)\n\tat org.openqa.selenium.remote.NewSessionPayload.<init>(NewSessionPayload.java:70)\n\tat org.openqa.selenium.remote.NewSessionPayload.create(NewSessionPayload.java:99)\n\tat org.openqa.selenium.remote.NewSessionPayload.create(NewSessionPayload.java:84)\n\tat org.openqa.selenium.remote.ProtocolHandshake.createSession(ProtocolHandshake.java:60)\n\tat io.appium.java_client.remote.AppiumCommandExecutor.createSession(AppiumCommandExecutor.java:176)\n\tat io.appium.java_client.remote.AppiumCommandExecutor.execute(AppiumCommandExecutor.java:237)\n\tat org.openqa.selenium.remote.RemoteWebDriver.execute(RemoteWebDriver.java:518)\n\t... 43 more\n"},"stage":"finished","steps":[],"attachments":[],"parameters":[{"name":"environment","value":"null"},{"name":"browser","value":"null"}],"start":1754553860959,"stop":1754553860959}